<?xml version="1.0" encoding="utf-8"?><testsuites name="pytest tests"><testsuite name="pytest" errors="0" failures="0" skipped="0" tests="5" time="3.047" timestamp="2026-08-25T16:58:58.298805+00:00" hostname="agent-env-68d153b0-47c5-491a-85c6-78cc3cc18165"><testcase classname="tests.test_home_boards_and_drift" name="test_home_warehouse_boards_present" time="0.577" /><testcase classname="tests.test_home_boards_and_drift" name="test_home_warehouse_cross_entity_403" time="0.586" /><testcase classname="tests.test_home_boards_and_drift" name="test_home_sales_boards_present" time="0.594" /><testcase classname="tests.test_home_boards_and_drift" name="test_home_sales_isolation_no_ksc_docs_for_kanda" time="0.261" /><testcase classname="tests.test_home_boards_and_drift" name="test_inventory_drift_explain" time="0.619" /></testsuite></testsuites>