<?xml version="1.0" encoding="utf-8"?><testsuites name="pytest tests"><testsuite name="pytest" errors="0" failures="0" skipped="0" tests="7" time="3.895" timestamp="2026-08-25T17:36:38.945719+00:00" hostname="agent-env-68d153b0-47c5-491a-85c6-78cc3cc18165"><testcase classname="tests.test_iter251_drift_and_isolation" name="test_recon_reveals_drifting_entities" time="0.679" /><testcase classname="tests.test_iter251_drift_and_isolation" name="test_drift_explain_kanda_points_to_document" time="0.223" /><testcase classname="tests.test_iter251_drift_and_isolation" name="test_drift_explain_ksc_no_false_accusation" time="0.172" /><testcase classname="tests.test_iter251_drift_and_isolation" name="test_drift_job_first_run_creates_notifications" time="1.355" /><testcase classname="tests.test_iter251_drift_and_isolation" name="test_drift_notifications_addressed_and_shaped" time="0.349" /><testcase classname="tests.test_iter251_drift_and_isolation" name="test_warehouse_cross_entity_403" time="0.528" /><testcase classname="tests.test_iter251_drift_and_isolation" name="test_sales_home_no_header_returns_own_entity_only" time="0.205" /></testsuite></testsuites>