<?xml version="1.0" encoding="utf-8"?><testsuites name="pytest tests"><testsuite name="pytest" errors="0" failures="0" skipped="0" tests="9" time="4.458" timestamp="2026-08-25T17:54:22.073223+00:00" hostname="agent-env-68d153b0-47c5-491a-85c6-78cc3cc18165"><testcase classname="tests.test_iter252_critical_cross_entity" name="test_recon_shows_kanda_drift_900k" time="0.797" /><testcase classname="tests.test_iter252_critical_cross_entity" name="test_drift_job_success_and_dedupe" time="0.406" /><testcase classname="tests.test_iter252_critical_cross_entity" name="test_drift_explain_kanda_has_pointing_suspect" time="0.262" /><testcase classname="tests.test_iter252_critical_cross_entity" name="test_critical_kanda_drift_visible_under_ksc_context" time="0.250" /><testcase classname="tests.test_iter252_critical_cross_entity" name="test_non_critical_other_entity_stays_filtered" time="0.501" /><testcase classname="tests.test_iter252_critical_cross_entity" name="test_sales3_notifications_own_entity_only" time="0.987" /><testcase classname="tests.test_iter252_critical_cross_entity" name="test_sales3_cannot_query_ksc_scope" time="0.166" /><testcase classname="tests.test_iter252_critical_cross_entity" name="test_sales3_cannot_mark_ksc_notification_read" time="0.355" /><testcase classname="tests.test_iter252_critical_cross_entity" name="test_unread_count_matches_visible_unread_under_ksc" time="0.311" /></testsuite></testsuites>